KCPSM3 Assembler log file for program 'finpropb.psm'.
Generated by KCPSM3 version 1.30
Ken Chapman (Xilinx Ltd) 2005.
01Dec2013-18:00:42

 Addr Code

 000                      ;-----------------------------------------------------------------------
 000                      ; FPGA Design Using VHDL
 000                      ; Lab 7 - Picoblaze Assembly Code
 000                      ;
 000                      ; Author: Eric A. Beales
 000                      ; Date:   12-Nov-2013
 000                      ;-----------------------------------------------------------------------
 000                      CONSTANT in_port_address_addr, 40
 000                      CONSTANT current_position_addr, 40
 000               start: 
 000                      ; Set everything to 0x01 (or green unplayable)
 000  00000               LOAD s0, 00
 001  00101               LOAD s1, 01
 002  2D100   clear_loop: OUTPUT s1, (s0)
 003  18001               ADD s0, 01
 004  01200               LOAD s2, s0
 005  1C240               SUB s2, 40                         ; Check if we reached the last space.
 006  35402               JUMP NZ, clear_loop[002]
 007                      ; Add the four blocks in the middle.
 007  00102               LOAD s1, 02
 008  2C11B               OUTPUT s1, 1B
 009  2C124               OUTPUT s1, 24
 00A  00103               LOAD s1, 03
 00B  2C11C               OUTPUT s1, 1C
 00C  2C123               OUTPUT s1, 23
 00D                      ; Add the white-playable blocks.
 00D  00141               LOAD s1, 41
 00E  2C114               OUTPUT s1, 14
 00F  2C11D               OUTPUT s1, 1D
 010  2C122               OUTPUT s1, 22
 011  2C12B               OUTPUT s1, 2B
 012  3C001               ENABLE INTERRUPT
 013  34013   do_nothing: JUMP do_nothing[013]               ; Wait here until interrupted.
 014                      ;-----------------------------------------------------------------------
 014                      ; Interrupt code
 014                      ;-----------------------------------------------------------------------
 014         int_routine: ; Do nothing.
 014  38001               RETURNI ENABLE
 3FF                      ADDRESS 3FF                        ; Set interrupt vector
 3FF  34014               JUMP int_routine[014]
